<?xml version="1.0" encoding="UTF-8"?>
<testExecutions version="1">
  <file path="C:\Users\91900\Desktop\karthik_prakash\UWaterloo\ECE_651\Project\front-end\src\App.test.js">
  </file>
</testExecutions>